2023-06-10 14:24:54,457 [INFO] Activator:170 - 


2023-06-10 14:24:54,462 [INFO] Activator:171 - !SESSION log4j initialized
2023-06-10 14:25:00,965 [INFO] McuFinderGlobals:40 - Set McuFinder mode to 2 (CubeIDE integrated)
2023-06-10 14:25:02,582 [INFO] ApplicationProperties:181 - Using Application install path: C:\ST\STM32CubeIDE_1.5.0\STM32CubeIDE\plugins\com.st.stm32cube.common.mx_6.1.0.202011121557
2023-06-10 14:25:02,606 [INFO] DbMcusXml:71 - Set database path to: C:\ST\STM32CubeIDE_1.5.0\STM32CubeIDE\plugins\com.st.stm32cube.common.mx_6.1.0.202011121557\\db\/mcu/
2023-06-10 14:25:02,614 [INFO] DbBoardsPdsc:57 - Set plugin database path to: C:\ST\STM32CubeIDE_1.5.0\STM32CubeIDE\plugins\com.st.stm32cube.common.mx_6.1.0.202011121557\\db\/plugins/boardmanager/
2023-06-10 14:25:02,616 [INFO] DbMcus:259 - Set plugin images path to: C:\ST\STM32CubeIDE_1.5.0\STM32CubeIDE\plugins\com.st.stm32cube.common.mx_6.1.0.202011121557\\db\/plugins/mcufinder/images/
2023-06-10 14:25:02,616 [INFO] DbBoards:265 - Set plugin images path to: C:\ST\STM32CubeIDE_1.5.0\STM32CubeIDE\plugins\com.st.stm32cube.common.mx_6.1.0.202011121557\\db\/plugins/mcufinder/images/
2023-06-10 14:25:02,623 [INFO] DbExamples:329 - Set plugin images path to: C:\ST\STM32CubeIDE_1.5.0\STM32CubeIDE\plugins\com.st.stm32cube.common.mx_6.1.0.202011121557\\db\/plugins/mcufinder/images/
2023-06-10 14:25:02,632 [INFO] DbMcusDocs:112 - Set database path to: C:\Users\vishw\.stmcufinder\plugins\mcufinder//mcu/
2023-06-10 14:25:02,637 [INFO] DbMcusJson:63 - Set database path to: C:\Users\vishw\.stmcufinder\plugins\mcufinder//mcu/
2023-06-10 14:25:02,639 [INFO] DbBoardsDocs:112 - Set database path to: C:\Users\vishw\.stmcufinder\plugins\mcufinder//mcu/
2023-06-10 14:25:02,642 [INFO] DbBoardsJson:56 - Set database path to: C:\Users\vishw\.stmcufinder\plugins\mcufinder//mcu/
2023-06-10 14:25:02,647 [INFO] CrossReferenceDbSqlite:196 - Set database path to: C:\Users\vishw\.stmcufinder\plugins\mcufinder//mcu/cs/
2023-06-10 14:25:02,654 [INFO] DbExamplesSqlite:699 - Set database path to: C:\Users\vishw\.stmcufinder\plugins\mcufinder//mcu/
2023-06-10 14:25:02,922 [INFO] RulesReader:52 - Compatibility file has been processed (228 Rules)
2023-06-10 14:25:03,126 [INFO] MicroXplorer:565 - Detected Java Version = 1.8.0_272
2023-06-10 14:25:03,126 [INFO] DbMcusXml:71 - Set database path to: C:\ST\STM32CubeIDE_1.5.0\STM32CubeIDE\plugins\com.st.stm32cube.common.mx_6.1.0.202011121557\\db\/mcu/
2023-06-10 14:25:03,128 [INFO] DbBoardsPdsc:57 - Set plugin database path to: C:\ST\STM32CubeIDE_1.5.0\STM32CubeIDE\plugins\com.st.stm32cube.common.mx_6.1.0.202011121557\\db\/plugins/boardmanager/
2023-06-10 14:25:03,129 [INFO] DbMcus:259 - Set plugin images path to: C:\ST\STM32CubeIDE_1.5.0\STM32CubeIDE\plugins\com.st.stm32cube.common.mx_6.1.0.202011121557\\db\/plugins/mcufinder/images/
2023-06-10 14:25:03,129 [INFO] DbBoards:265 - Set plugin images path to: C:\ST\STM32CubeIDE_1.5.0\STM32CubeIDE\plugins\com.st.stm32cube.common.mx_6.1.0.202011121557\\db\/plugins/mcufinder/images/
2023-06-10 14:25:03,130 [INFO] DbExamples:329 - Set plugin images path to: C:\ST\STM32CubeIDE_1.5.0\STM32CubeIDE\plugins\com.st.stm32cube.common.mx_6.1.0.202011121557\\db\/plugins/mcufinder/images/
2023-06-10 14:25:03,130 [WARN] DbFile:36 - Overriding database path with different value: C:\Users\vishw\.stmcufinder\plugins\mcufinder/ => C:\Users\vishw\.stmcufinder\plugins\mcufinder
2023-06-10 14:25:03,130 [INFO] DbMcusDocs:112 - Set database path to: C:\Users\vishw\.stmcufinder\plugins\mcufinder//mcu/
2023-06-10 14:25:03,130 [WARN] DbFile:36 - Overriding database path with different value: C:\Users\vishw\.stmcufinder\plugins\mcufinder/ => C:\Users\vishw\.stmcufinder\plugins\mcufinder
2023-06-10 14:25:03,131 [INFO] DbMcusJson:63 - Set database path to: C:\Users\vishw\.stmcufinder\plugins\mcufinder//mcu/
2023-06-10 14:25:03,131 [WARN] DbFile:36 - Overriding database path with different value: C:\Users\vishw\.stmcufinder\plugins\mcufinder/ => C:\Users\vishw\.stmcufinder\plugins\mcufinder
2023-06-10 14:25:03,131 [INFO] DbBoardsDocs:112 - Set database path to: C:\Users\vishw\.stmcufinder\plugins\mcufinder//mcu/
2023-06-10 14:25:03,132 [WARN] DbFile:36 - Overriding database path with different value: C:\Users\vishw\.stmcufinder\plugins\mcufinder/ => C:\Users\vishw\.stmcufinder\plugins\mcufinder
2023-06-10 14:25:03,132 [INFO] DbBoardsJson:56 - Set database path to: C:\Users\vishw\.stmcufinder\plugins\mcufinder//mcu/
2023-06-10 14:25:03,132 [WARN] DbFile:36 - Overriding database path with different value: C:\Users\vishw\.stmcufinder\plugins\mcufinder/ => C:\Users\vishw\.stmcufinder\plugins\mcufinder
2023-06-10 14:25:03,133 [WARN] DbFile:36 - Overriding database path with different value: C:\Users\vishw\.stmcufinder\plugins\mcufinder/ => C:\Users\vishw\.stmcufinder\plugins\mcufinder
2023-06-10 14:25:03,133 [INFO] CrossReferenceDbSqlite:196 - Set database path to: C:\Users\vishw\.stmcufinder\plugins\mcufinder//mcu/cs/
2023-06-10 14:25:03,133 [WARN] DbFile:36 - Overriding database path with different value: C:\Users\vishw\.stmcufinder\plugins\mcufinder/ => C:\Users\vishw\.stmcufinder\plugins\mcufinder
2023-06-10 14:25:03,133 [INFO] DbExamplesSqlite:699 - Set database path to: C:\Users\vishw\.stmcufinder\plugins\mcufinder//mcu/
2023-06-10 14:25:03,379 [INFO] MainPanel:190 - HeapMemory: 268435456
2023-06-10 14:25:03,551 [INFO] DbMcusXml:71 - Set database path to: C:\ST\STM32CubeIDE_1.5.0\STM32CubeIDE\plugins\com.st.stm32cube.common.mx_6.1.0.202011121557\\db\/mcu/
2023-06-10 14:25:03,551 [INFO] DbBoardsPdsc:57 - Set plugin database path to: C:\ST\STM32CubeIDE_1.5.0\STM32CubeIDE\plugins\com.st.stm32cube.common.mx_6.1.0.202011121557\\db\/plugins/boardmanager/
2023-06-10 14:25:03,552 [INFO] DbMcus:259 - Set plugin images path to: C:\ST\STM32CubeIDE_1.5.0\STM32CubeIDE\plugins\com.st.stm32cube.common.mx_6.1.0.202011121557\\db\/plugins/mcufinder/images/
2023-06-10 14:25:03,552 [INFO] DbBoards:265 - Set plugin images path to: C:\ST\STM32CubeIDE_1.5.0\STM32CubeIDE\plugins\com.st.stm32cube.common.mx_6.1.0.202011121557\\db\/plugins/mcufinder/images/
2023-06-10 14:25:03,552 [INFO] DbExamples:329 - Set plugin images path to: C:\ST\STM32CubeIDE_1.5.0\STM32CubeIDE\plugins\com.st.stm32cube.common.mx_6.1.0.202011121557\\db\/plugins/mcufinder/images/
2023-06-10 14:25:03,554 [WARN] DbFile:36 - Overriding database path with different value: C:\Users\vishw\.stmcufinder\plugins\mcufinder/ => C:\Users\vishw\.stmcufinder\plugins\mcufinder
2023-06-10 14:25:03,554 [INFO] DbMcusDocs:112 - Set database path to: C:\Users\vishw\.stmcufinder\plugins\mcufinder//mcu/
2023-06-10 14:25:03,554 [WARN] DbFile:36 - Overriding database path with different value: C:\Users\vishw\.stmcufinder\plugins\mcufinder/ => C:\Users\vishw\.stmcufinder\plugins\mcufinder
2023-06-10 14:25:03,555 [INFO] DbMcusJson:63 - Set database path to: C:\Users\vishw\.stmcufinder\plugins\mcufinder//mcu/
2023-06-10 14:25:03,555 [WARN] DbFile:36 - Overriding database path with different value: C:\Users\vishw\.stmcufinder\plugins\mcufinder/ => C:\Users\vishw\.stmcufinder\plugins\mcufinder
2023-06-10 14:25:03,555 [INFO] DbBoardsDocs:112 - Set database path to: C:\Users\vishw\.stmcufinder\plugins\mcufinder//mcu/
2023-06-10 14:25:03,555 [WARN] DbFile:36 - Overriding database path with different value: C:\Users\vishw\.stmcufinder\plugins\mcufinder/ => C:\Users\vishw\.stmcufinder\plugins\mcufinder
2023-06-10 14:25:03,556 [INFO] DbBoardsJson:56 - Set database path to: C:\Users\vishw\.stmcufinder\plugins\mcufinder//mcu/
2023-06-10 14:25:03,556 [WARN] DbFile:36 - Overriding database path with different value: C:\Users\vishw\.stmcufinder\plugins\mcufinder/ => C:\Users\vishw\.stmcufinder\plugins\mcufinder
2023-06-10 14:25:03,556 [WARN] DbFile:36 - Overriding database path with different value: C:\Users\vishw\.stmcufinder\plugins\mcufinder/ => C:\Users\vishw\.stmcufinder\plugins\mcufinder
2023-06-10 14:25:03,557 [INFO] CrossReferenceDbSqlite:196 - Set database path to: C:\Users\vishw\.stmcufinder\plugins\mcufinder//mcu/cs/
2023-06-10 14:25:03,557 [WARN] DbFile:36 - Overriding database path with different value: C:\Users\vishw\.stmcufinder\plugins\mcufinder/ => C:\Users\vishw\.stmcufinder\plugins\mcufinder
2023-06-10 14:25:03,557 [INFO] DbExamplesSqlite:699 - Set database path to: C:\Users\vishw\.stmcufinder\plugins\mcufinder//mcu/
2023-06-10 14:25:03,591 [INFO] ApplicationProperties:181 - Using Application install path: C:\ST\STM32CubeIDE_1.5.0\STM32CubeIDE\plugins\com.st.stm32cube.common.mx_6.1.0.202011121557
2023-06-10 14:25:03,593 [INFO] PluginManage:178 - Search for loadable plugins [exclusion list=, ]
2023-06-10 14:25:03,596 [INFO] PluginManage:292 - Check plugin analytics
2023-06-10 14:25:08,431 [INFO] AnalyticsPlugin:225 - Accepted Software Licenses: 
2023-06-10 14:25:08,434 [INFO] AnalyticsPlugin:227 - Accepted CMSIS Pack Licenses: 
2023-06-10 14:25:08,436 [INFO] AnalyticsPlugin:229 - Accepted Firmware Licenses: 
2023-06-10 14:25:08,438 [INFO] PluginManage:342 - Loaded plugin analytics (category:tool,tabindex:-1)
2023-06-10 14:25:08,438 [INFO] PluginManage:292 - Check plugin clock
2023-06-10 14:25:08,466 [INFO] PluginManage:342 - Loaded plugin clock (category:base,tabindex:2)
2023-06-10 14:25:08,466 [INFO] PluginManage:292 - Check plugin ddr
2023-06-10 14:25:08,472 [INFO] PluginManage:342 - Loaded plugin ddr (category:tool,tabindex:6)
2023-06-10 14:25:08,472 [INFO] PluginManage:292 - Check plugin filemanager
2023-06-10 14:25:08,660 [INFO] PluginManage:342 - Loaded plugin filemanager (category:base,tabindex:10)
2023-06-10 14:25:08,661 [INFO] PluginManage:292 - Check plugin ipmanager
2023-06-10 14:25:08,673 [INFO] PluginManage:342 - Loaded plugin ipmanager (category:base,tabindex:5)
2023-06-10 14:25:08,677 [INFO] PluginManage:292 - Check plugin pinoutandconfiguration
2023-06-10 14:25:08,689 [INFO] PluginManage:342 - Loaded plugin pinoutandconfiguration (category:base,tabindex:1)
2023-06-10 14:25:08,689 [INFO] PluginManage:292 - Check plugin pinoutconfig
2023-06-10 14:25:08,722 [INFO] PluginManage:342 - Loaded plugin pinoutconfig (category:base,tabindex:0)
2023-06-10 14:25:08,723 [INFO] PluginManage:292 - Check plugin power
2023-06-10 14:25:08,737 [INFO] PluginManage:342 - Loaded plugin power (category:power,tabindex:4)
2023-06-10 14:25:08,737 [INFO] PluginManage:292 - Check plugin projectmanager
2023-06-10 14:25:08,765 [INFO] PluginManage:342 - Loaded plugin projectmanager (category:projectmanager,tabindex:3)
2023-06-10 14:25:08,766 [INFO] PluginManage:292 - Check plugin thirdparty
2023-06-10 14:25:08,946 [INFO] PluginManage:342 - Loaded plugin thirdparty (category:base,tabindex:-1)
2023-06-10 14:25:08,947 [INFO] PluginManage:292 - Check plugin tools
2023-06-10 14:25:08,951 [INFO] PluginManage:342 - Loaded plugin tools (category:base,tabindex:7)
2023-06-10 14:25:08,952 [INFO] PluginManage:292 - Check plugin tutovideos
2023-06-10 14:25:08,956 [WARN] IntegrityCheckThread:59 - waiting for thirdparty lock release [integrity check]
2023-06-10 14:25:08,957 [INFO] IntegrityCheckThread:61 - entering critical section [integrity check]
2023-06-10 14:25:08,957 [INFO] ThirdPartyUpdaterWithRetryManager:56 - Updater plugin not ready yet. [1/15]
2023-06-10 14:25:09,278 [INFO] PluginManage:342 - Loaded plugin tutovideos (category:base,tabindex:-1)
2023-06-10 14:25:09,278 [INFO] PluginManage:292 - Check plugin updater
2023-06-10 14:25:09,301 [INFO] PluginManage:342 - Loaded plugin updater (category:base,tabindex:12)
2023-06-10 14:25:09,302 [INFO] PluginManage:265 - PluginManage : Loaded plugins [13]
2023-06-10 14:25:09,575 [INFO] PinOutPanel:1434 - setPackage(No Configuration,No Configuration)
2023-06-10 14:25:09,725 [INFO] IPUIPlugin:64 - create IPUIPlugin
2023-06-10 14:25:09,725 [INFO] PluginManager:203 - loadIPPluginJar : add adc
2023-06-10 14:25:09,729 [INFO] IPUIPlugin:64 - create IPUIPlugin
2023-06-10 14:25:09,730 [INFO] PluginManager:203 - loadIPPluginJar : add aes
2023-06-10 14:25:09,734 [INFO] IPUIPlugin:64 - create IPUIPlugin
2023-06-10 14:25:09,734 [INFO] PluginManager:203 - loadIPPluginJar : add can
2023-06-10 14:25:09,737 [INFO] IPUIPlugin:64 - create IPUIPlugin
2023-06-10 14:25:09,737 [INFO] PluginManager:203 - loadIPPluginJar : add comp
2023-06-10 14:25:09,741 [INFO] IPUIPlugin:64 - create IPUIPlugin
2023-06-10 14:25:09,742 [INFO] PluginManager:203 - loadIPPluginJar : add cryp
2023-06-10 14:25:09,747 [INFO] IPUIPlugin:64 - create IPUIPlugin
2023-06-10 14:25:09,747 [INFO] PluginManager:203 - loadIPPluginJar : add dfsdm
2023-06-10 14:25:09,758 [INFO] IPUIPlugin:64 - create IPUIPlugin
2023-06-10 14:25:09,759 [INFO] PluginManager:203 - loadIPPluginJar : add dma
2023-06-10 14:25:09,762 [INFO] IPUIPlugin:64 - create IPUIPlugin
2023-06-10 14:25:09,763 [INFO] PluginManager:203 - loadIPPluginJar : add fatfs
2023-06-10 14:25:09,770 [INFO] IPUIPlugin:64 - create IPUIPlugin
2023-06-10 14:25:09,771 [INFO] PluginManager:203 - loadIPPluginJar : add fmc
2023-06-10 14:25:09,780 [INFO] IPUIPlugin:64 - create IPUIPlugin
2023-06-10 14:25:09,781 [INFO] PluginManager:203 - loadIPPluginJar : add freertos
2023-06-10 14:25:09,784 [INFO] IPUIPlugin:64 - create IPUIPlugin
2023-06-10 14:25:09,784 [INFO] PluginManager:203 - loadIPPluginJar : add genericplugin
2023-06-10 14:25:09,788 [INFO] IPUIPlugin:64 - create IPUIPlugin
2023-06-10 14:25:09,789 [INFO] PluginManager:203 - loadIPPluginJar : add gfxmmu
2023-06-10 14:25:09,798 [INFO] IPUIPlugin:64 - create IPUIPlugin
2023-06-10 14:25:09,799 [INFO] PluginManager:203 - loadIPPluginJar : add gic
2023-06-10 14:25:09,806 [INFO] IPUIPlugin:64 - create IPUIPlugin
2023-06-10 14:25:09,807 [INFO] PluginManager:203 - loadIPPluginJar : add gpio
2023-06-10 14:25:09,811 [INFO] IPUIPlugin:64 - create IPUIPlugin
2023-06-10 14:25:09,812 [INFO] PluginManager:203 - loadIPPluginJar : add gtzc
2023-06-10 14:25:09,816 [INFO] IPUIPlugin:64 - create IPUIPlugin
2023-06-10 14:25:09,817 [INFO] PluginManager:203 - loadIPPluginJar : add hash
2023-06-10 14:25:09,822 [INFO] IPUIPlugin:64 - create IPUIPlugin
2023-06-10 14:25:09,822 [INFO] PluginManager:203 - loadIPPluginJar : add i2c
2023-06-10 14:25:09,825 [INFO] IPUIPlugin:64 - create IPUIPlugin
2023-06-10 14:25:09,825 [INFO] PluginManager:203 - loadIPPluginJar : add i2s
2023-06-10 14:25:09,830 [INFO] IPUIPlugin:64 - create IPUIPlugin
2023-06-10 14:25:09,830 [INFO] PluginManager:203 - loadIPPluginJar : add ipddr
2023-06-10 14:25:09,833 [INFO] IPUIPlugin:64 - create IPUIPlugin
2023-06-10 14:25:09,834 [INFO] PluginManager:203 - loadIPPluginJar : add lorawan
2023-06-10 14:25:09,836 [INFO] IPUIPlugin:64 - create IPUIPlugin
2023-06-10 14:25:09,836 [INFO] PluginManager:203 - loadIPPluginJar : add ltdc
2023-06-10 14:25:09,841 [INFO] IPUIPlugin:64 - create IPUIPlugin
2023-06-10 14:25:09,841 [INFO] PluginManager:203 - loadIPPluginJar : add mdma
2023-06-10 14:25:09,846 [INFO] IPUIPlugin:64 - create IPUIPlugin
2023-06-10 14:25:09,846 [INFO] PluginManager:203 - loadIPPluginJar : add nvic
2023-06-10 14:25:09,850 [INFO] IPUIPlugin:64 - create IPUIPlugin
2023-06-10 14:25:09,850 [INFO] PluginManager:203 - loadIPPluginJar : add opamp
2023-06-10 14:25:09,854 [INFO] IPUIPlugin:64 - create IPUIPlugin
2023-06-10 14:25:09,854 [INFO] PluginManager:203 - loadIPPluginJar : add openamp
2023-06-10 14:25:09,858 [INFO] IPUIPlugin:64 - create IPUIPlugin
2023-06-10 14:25:09,859 [INFO] PluginManager:203 - loadIPPluginJar : add pdm2pcm
2023-06-10 14:25:09,870 [INFO] IPUIPlugin:64 - create IPUIPlugin
2023-06-10 14:25:09,875 [INFO] PluginManager:203 - loadIPPluginJar : add plateformsettings
2023-06-10 14:25:09,877 [INFO] IPUIPlugin:64 - create IPUIPlugin
2023-06-10 14:25:09,878 [INFO] PluginManager:203 - loadIPPluginJar : add quadspi
2023-06-10 14:25:09,883 [INFO] IPUIPlugin:64 - create IPUIPlugin
2023-06-10 14:25:09,883 [INFO] PluginManager:203 - loadIPPluginJar : add resmgrutility
2023-06-10 14:25:09,887 [INFO] IPUIPlugin:64 - create IPUIPlugin
2023-06-10 14:25:09,887 [INFO] PluginManager:203 - loadIPPluginJar : add sai
2023-06-10 14:25:09,891 [INFO] IPUIPlugin:64 - create IPUIPlugin
2023-06-10 14:25:09,891 [INFO] PluginManager:203 - loadIPPluginJar : add spi
2023-06-10 14:25:09,896 [INFO] IPUIPlugin:64 - create IPUIPlugin
2023-06-10 14:25:09,897 [INFO] PluginManager:203 - loadIPPluginJar : add stm32_wpan
2023-06-10 14:25:09,899 [INFO] IPUIPlugin:64 - create IPUIPlugin
2023-06-10 14:25:09,899 [INFO] PluginManager:203 - loadIPPluginJar : add tim
2023-06-10 14:25:09,904 [INFO] IPUIPlugin:64 - create IPUIPlugin
2023-06-10 14:25:09,904 [INFO] PluginManager:203 - loadIPPluginJar : add touchsensing
2023-06-10 14:25:09,906 [INFO] IPUIPlugin:64 - create IPUIPlugin
2023-06-10 14:25:09,907 [INFO] PluginManager:203 - loadIPPluginJar : add tracer_emb
2023-06-10 14:25:09,909 [INFO] IPUIPlugin:64 - create IPUIPlugin
2023-06-10 14:25:09,909 [INFO] PluginManager:203 - loadIPPluginJar : add ts
2023-06-10 14:25:09,912 [INFO] IPUIPlugin:64 - create IPUIPlugin
2023-06-10 14:25:09,912 [INFO] PluginManager:203 - loadIPPluginJar : add tsc
2023-06-10 14:25:09,915 [INFO] IPUIPlugin:64 - create IPUIPlugin
2023-06-10 14:25:09,915 [INFO] PluginManager:203 - loadIPPluginJar : add ucpd
2023-06-10 14:25:09,919 [INFO] IPUIPlugin:64 - create IPUIPlugin
2023-06-10 14:25:09,920 [INFO] PluginManager:203 - loadIPPluginJar : add usart
2023-06-10 14:25:10,276 [FATAL] Updater:284 - Updater called before beeing initialized
2023-06-10 14:25:10,418 [FATAL] Updater:284 - Updater called before beeing initialized
2023-06-10 14:25:10,466 [WARN] DetailPanel:347 - Failed to get advertising image, set to default
2023-06-10 14:25:10,471 [FATAL] Updater:284 - Updater called before beeing initialized
2023-06-10 14:25:10,471 [WARN] DetailPanel:347 - Failed to get advertising image, set to default
2023-06-10 14:25:10,539 [FATAL] Updater:284 - Updater called before beeing initialized
2023-06-10 14:25:10,540 [WARN] ThirdParty:783 - waiting for thirdparty lock release [close project]
2023-06-10 14:25:11,962 [INFO] ThirdPartyUpdaterWithRetryManager:56 - Updater plugin not ready yet. [2/15]
2023-06-10 14:25:14,967 [FATAL] Updater:284 - Updater called before beeing initialized
2023-06-10 14:25:14,967 [ERROR] AbstractThirdPartyUpdaterManager:153 - java.lang.Integer cannot be cast to java.util.List
2023-06-10 14:25:14,967 [INFO] ThirdParty:887 - Integrity check success = false
2023-06-10 14:25:14,968 [INFO] IntegrityCheckThread:75 - exiting critical section [integrity check]
2023-06-10 14:25:14,968 [INFO] IntegrityCheckThread:78 - End integrity checks thread
2023-06-10 14:25:14,968 [INFO] ThirdParty:785 - entering critical section [close project]
2023-06-10 14:25:14,970 [INFO] ThirdParty:796 - exiting critical section [close project]
2023-06-10 14:25:14,974 [INFO] PinOutPanel:1434 - setPackage(No Configuration,No Configuration)
2023-06-10 14:25:14,975 [FATAL] Updater:284 - Updater called before beeing initialized
2023-06-10 14:25:14,986 [ERROR] Updater:1065 - MainUpdater not yet initialized. External WinMGr cannot be set.
2023-06-10 14:25:14,989 [INFO] Updater:1002 - Updater Version found : 6.1.0
2023-06-10 14:25:15,014 [INFO] ApplicationProperties:181 - Using Application install path: C:\ST\STM32CubeIDE_1.5.0\STM32CubeIDE\plugins\com.st.stm32cube.common.mx_6.1.0.202011121557
2023-06-10 14:25:15,134 [INFO] MainUpdater:2644 - connection check result : 10
2023-06-10 14:25:15,136 [INFO] MainUpdater:249 - Updater Check For Update Now.
2023-06-10 14:25:15,136 [INFO] MicroXplorer:415 - Change Database Version : DB.6.0.10
2023-06-10 14:25:15,239 [INFO] CheckServerUpdateThread:102 - End of CheckServer Thread
2023-06-10 14:25:15,263 [INFO] MainUpdater:2644 - connection check result : 10
2023-06-10 14:25:16,025 [INFO] CrossSelectorPresenter:1330 - Cross Selector saved comparison directory: C:\Users\vishw\.stmcufinder\plugins\mcufinder\mcu\cs_comparisons_mx
2023-06-10 14:25:16,036 [INFO] MultiScanPanel:198 - Auto-refresh data requested => check proxy status ongoing
2023-06-10 14:25:16,041 [INFO] FinderPluginLoader:87 - Searching for filters in installed packs
2023-06-10 14:25:16,044 [INFO] DbMcusXml:97 - Load MCU database from C:\ST\STM32CubeIDE_1.5.0\STM32CubeIDE\plugins\com.st.stm32cube.common.mx_6.1.0.202011121557\\db\/mcu/families.xml
2023-06-10 14:25:17,211 [INFO] DbMcusJson:92 - JSON generation date=Tue Nov 16 09:17:54 MST 2021 (1637079474)
2023-06-10 14:25:18,590 [INFO] DbMcus:176 - Found 1835 MCUs (1796 are supported by CubeMX, 1920 are visible in CubeMX)
2023-06-10 14:25:18,592 [INFO] ApiDb:238 - Load user favorites file C:\Users\vishw/.stm32cubeide/favorites.mcus.txt: 0 item(s)
2023-06-10 14:25:18,592 [INFO] ApiDb:242 - User favorites MCUs=[]
2023-06-10 14:25:18,593 [INFO] DbMcus:188 - Set 0 / 0 favorites MCUs
2023-06-10 14:25:19,261 [WARN] DetailPanel:347 - Failed to get advertising image, set to default
2023-06-10 14:25:19,748 [INFO] McuFilterPanel:245 - Update 0 favorites MCUs
2023-06-10 14:25:19,884 [INFO] DbBoardsPdsc:91 - Found 24 items
2023-06-10 14:25:19,888 [INFO] DbBoardsPdsc:91 - Found 9 items
2023-06-10 14:25:19,894 [INFO] DbBoardsPdsc:91 - Found 32 items
2023-06-10 14:25:19,897 [INFO] DbBoardsPdsc:91 - Found 1 items
2023-06-10 14:25:19,907 [INFO] DbBoardsPdsc:91 - Found 45 items
2023-06-10 14:25:19,919 [INFO] DbBoardsPdsc:91 - Found 41 items
2023-06-10 14:25:19,923 [INFO] DbBoardsPdsc:91 - Found 2 items
2023-06-10 14:25:19,927 [INFO] DbBoardsPdsc:91 - Found 4 items
2023-06-10 14:25:19,936 [WARN] DbBoardsPdsc:255 - Board STM32H7B3I-DK: unknown feature type=Audio, name=, username=Audio stereo codec with Headphone Amp (CS42L51-CNZ), n=1
2023-06-10 14:25:19,936 [WARN] DbBoardsPdsc:255 - Board STM32H735G-DK: unknown feature type=Audio, name=, username=Audio stereo codec with Headphone Amp (WM8994ECS/R), n=1
2023-06-10 14:25:19,981 [WARN] DbBoardsPdsc:255 - Board STM32H7B3I-EVAL: unknown feature type=Audio, name=, username=Multi-Channel Audio Codec (CS42L51-CNZ), n=1
2023-06-10 14:25:19,981 [WARN] DbBoardsPdsc:255 - Board STM32H7B3I-EVAL: unknown feature type=Meter, name=, username=Power-metering and Temperature-monitoring with sigma-delta modulators, n=1
2023-06-10 14:25:19,982 [WARN] DbBoardsPdsc:255 - Board STM32H7B3I-EVAL: unknown feature type=Motor, name=, username=Motor Control, n=1
2023-06-10 14:25:20,037 [INFO] DbBoardsJson:85 - JSON generation date=Tue Nov 16 09:17:54 MST 2021 (1637079474)
2023-06-10 14:25:20,049 [INFO] DbBoards:118 - Found 168 boards (155 are supported by CubeMX)
2023-06-10 14:25:20,053 [INFO] DbBoardsDocs:145 - JSON generation date=Tue Nov 16 09:17:54 MST 2021 (1637079474)
2023-06-10 14:25:20,061 [INFO] DbBoardsDocs:81 - Found 209 boards documents
2023-06-10 14:25:20,062 [WARN] DbBoards:128 - board B-L475E-IOT01A2 has no document id list !
2023-06-10 14:25:20,064 [WARN] DbBoards:128 - board NUCLEO-H743ZI has no document id list !
2023-06-10 14:25:20,065 [WARN] DbBoards:128 - board NUCLEO-WL55JC1 has no document id list !
2023-06-10 14:25:20,066 [WARN] DbBoards:128 - board NUCLEO-WL55JC2 has no document id list !
2023-06-10 14:25:20,066 [WARN] DbBoards:128 - board P-NUCLEO-WB55-Nucleo has no document id list !
2023-06-10 14:25:20,066 [WARN] DbBoards:128 - board P-NUCLEO-WB55-USBDongle has no document id list !
2023-06-10 14:25:20,066 [WARN] DbBoards:128 - board STEVAL-BFA001V1B has no document id list !
2023-06-10 14:25:20,067 [WARN] DbBoards:128 - board STEVAL-BFA001V2B has no document id list !
2023-06-10 14:25:20,067 [WARN] DbBoards:128 - board STEVAL-IDP005V1 has no document id list !
2023-06-10 14:25:20,067 [WARN] DbBoards:128 - board STEVAL-IDP005V2 has no document id list !
2023-06-10 14:25:20,067 [WARN] DbBoards:128 - board STEVAL-MKSBOX1V1 has no document id list !
2023-06-10 14:25:20,067 [WARN] DbBoards:128 - board STEVAL-STWINKT1 has no document id list !
2023-06-10 14:25:20,068 [WARN] DbBoards:128 - board STEVAL-STWINKT1B has no document id list !
2023-06-10 14:25:20,068 [WARN] DbBoards:128 - board STM32439I-EVAL2 has no document id list !
2023-06-10 14:25:20,069 [WARN] DbBoards:128 - board STM32F401C-DISCO has no document id list !
2023-06-10 14:25:20,070 [WARN] DbBoards:128 - board STM32F769I-DISC1 has no document id list !
2023-06-10 14:25:20,070 [WARN] DbBoards:128 - board STM32G474E-EVAL1 has no document id list !
2023-06-10 14:25:20,071 [WARN] DbBoards:128 - board STM32H743I-EVAL2 has no document id list !
2023-06-10 14:25:20,071 [WARN] DbBoards:128 - board STM32H747I-DISC1 has no document id list !
2023-06-10 14:25:20,071 [WARN] DbBoards:128 - board STM32H753I-EVAL2 has no document id list !
2023-06-10 14:25:20,072 [WARN] DbBoards:128 - board STM32L-DISCOVERY has no document id list !
2023-06-10 14:25:20,424 [ERROR] DbBoards:190 - Image file not found for board B-U585I-IOT02A: C:\ST\STM32CubeIDE_1.5.0\STM32CubeIDE\plugins\com.st.stm32cube.common.mx_6.1.0.202011121557\\db\/plugins/mcufinder/images/boards/B-U585I-IOT02A_small.jpg
2023-06-10 14:25:20,725 [ERROR] DbBoards:190 - Image file not found for board NUCLEO-F413ZH: C:\ST\STM32CubeIDE_1.5.0\STM32CubeIDE\plugins\com.st.stm32cube.common.mx_6.1.0.202011121557\\db\/plugins/mcufinder/images/boards/nucleo-f413zh_small.jpg
2023-06-10 14:25:20,958 [ERROR] DbBoards:190 - Image file not found for board NUCLEO-L552ZE-Q: C:\ST\STM32CubeIDE_1.5.0\STM32CubeIDE\plugins\com.st.stm32cube.common.mx_6.1.0.202011121557\\db\/plugins/mcufinder/images/boards/nucleo_l552ze_q_small.jpg
2023-06-10 14:25:20,959 [ERROR] DbBoards:190 - Image file not found for board NUCLEO-U575ZI-Q: C:\ST\STM32CubeIDE_1.5.0\STM32CubeIDE\plugins\com.st.stm32cube.common.mx_6.1.0.202011121557\\db\/plugins/mcufinder/images/boards/nucleo-u575zi-q_small.jpg
2023-06-10 14:25:20,959 [ERROR] DbBoards:190 - Image file not found for board NUCLEO-WB15CC: C:\ST\STM32CubeIDE_1.5.0\STM32CubeIDE\plugins\com.st.stm32cube.common.mx_6.1.0.202011121557\\db\/plugins/mcufinder/images/boards/nucleo-wb15cc_small.jpg
2023-06-10 14:25:20,960 [ERROR] DbBoards:190 - Image file not found for board NUCLEO-WB55RG: C:\ST\STM32CubeIDE_1.5.0\STM32CubeIDE\plugins\com.st.stm32cube.common.mx_6.1.0.202011121557\\db\/plugins/mcufinder/images/boards/nucleo-wb55rg_small.jpg
2023-06-10 14:25:20,960 [ERROR] DbBoards:190 - Image file not found for board NUCLEO-WL55JC: C:\ST\STM32CubeIDE_1.5.0\STM32CubeIDE\plugins\com.st.stm32cube.common.mx_6.1.0.202011121557\\db\/plugins/mcufinder/images/boards/nucleo-wl55jc-small.jpg
2023-06-10 14:25:21,230 [ERROR] DbBoards:190 - Image file not found for board STEVAL-STWINKT1B: C:\ST\STM32CubeIDE_1.5.0\STM32CubeIDE\plugins\com.st.stm32cube.common.mx_6.1.0.202011121557\\db\/plugins/mcufinder/images/boards/steval-stwinkt1b_small.jpg
2023-06-10 14:25:21,725 [ERROR] DbBoards:190 - Image file not found for board STM32H7B3I-EVAL: C:\ST\STM32CubeIDE_1.5.0\STM32CubeIDE\plugins\com.st.stm32cube.common.mx_6.1.0.202011121557\\db\/plugins/mcufinder/images/boards/stm32h7b3ieval_small.jpg
2023-06-10 14:25:21,926 [ERROR] DbBoards:190 - Image file not found for board STM32U575I-EV: C:\ST\STM32CubeIDE_1.5.0\STM32CubeIDE\plugins\com.st.stm32cube.common.mx_6.1.0.202011121557\\db\/plugins/mcufinder/images/boards/stm32u575i-ev_small.jpg
2023-06-10 14:25:21,966 [ERROR] DbBoards:190 - Image file not found for board STM32WB5MM-DK: C:\ST\STM32CubeIDE_1.5.0\STM32CubeIDE\plugins\com.st.stm32cube.common.mx_6.1.0.202011121557\\db\/plugins/mcufinder/images/boards/STM32WB5MM-DK_small.jpg
2023-06-10 14:25:21,966 [INFO] ApiDb:238 - Load user favorites file C:\Users\vishw/.stm32cubeide/favorites.boards.txt: 1 item(s)
2023-06-10 14:25:21,966 [INFO] ApiDb:242 - User favorites Boards=[NUCLEO-F413ZH]
2023-06-10 14:25:21,966 [INFO] DbBoards:207 - Set 1 / 1 favorites Boards
2023-06-10 14:25:24,858 [INFO] MultiScanPanel:198 - Auto-refresh data requested => check proxy status ongoing
2023-06-10 14:25:24,944 [WARN] DetailPanel:347 - Failed to get advertising image, set to default
2023-06-10 14:25:24,982 [INFO] BoardFilterPanel:214 - Update 1 favorites Boards
2023-06-10 14:25:26,998 [ERROR] BoardDetailPanel:385 - No image available for board NUCLEO-F413ZH
2023-06-10 14:26:01,065 [INFO] ApiDb:263 - Save user favorites file C:\Users\vishw/.stm32cubeide/favorites.mcus.txt: 0 item(s)
2023-06-10 14:26:01,067 [INFO] ApiDb:267 - User favorites MCUs=[]
2023-06-10 14:26:01,069 [INFO] ApiDb:263 - Save user favorites file C:\Users\vishw/.stm32cubeide/favorites.boards.txt: 1 item(s)
2023-06-10 14:26:01,069 [INFO] ApiDb:267 - User favorites Boards=[NUCLEO-F413ZH]
2023-06-10 14:31:23,633 [INFO] Activator:170 - 


2023-06-10 14:31:23,637 [INFO] Activator:171 - !SESSION log4j initialized
